###############################################################################
#
# IAR ANSI C/C++ Compiler V8.20.2.14835/W32 for ARM       17/May/2018  19:45:43
# Copyright 1999-2017 IAR Systems AB.
#
#    Cpu mode     =  thumb
#    Endian       =  little
#    Source file  =  D:\workspace\LPLD_OSKinetis_V3\lib\common\assert.c
#    Command line =  
#        -f C:\Users\JoyC\AppData\Local\Temp\EW621E.tmp
#        (D:\workspace\LPLD_OSKinetis_V3\lib\common\assert.c -D LPLD_K60 -D
#        USE_K60DZ10 -lCN
#        D:\workspace\LPLD_OSKinetis_V3\project\Overload3\iar\FLASH\List -lB
#        D:\workspace\LPLD_OSKinetis_V3\project\Overload3\iar\FLASH\List -o
#        D:\workspace\LPLD_OSKinetis_V3\project\Overload3\iar\FLASH\Obj
#        --no_unroll --no_inline --no_tbaa --no_scheduling --debug
#        --endian=little --cpu=Cortex-M4 -e --fpu=None --dlib_config
#        "D:\Program Files\IAR Systems\Embedded Workbench
#        8.0\arm\INC\c\DLib_Config_Normal.h" -I
#        D:\workspace\LPLD_OSKinetis_V3\project\Overload3\iar\..\app\ -I
#        D:\workspace\LPLD_OSKinetis_V3\project\Overload3\iar\..\..\..\lib\CPU\
#        -I
#        D:\workspace\LPLD_OSKinetis_V3\project\Overload3\iar\..\..\..\lib\common\
#        -I
#        D:\workspace\LPLD_OSKinetis_V3\project\Overload3\iar\..\..\..\lib\LPLD\
#        -I
#        D:\workspace\LPLD_OSKinetis_V3\project\Overload3\iar\..\..\..\lib\LPLD\HW\
#        -I
#        D:\workspace\LPLD_OSKinetis_V3\project\Overload3\iar\..\..\..\lib\LPLD\DEV\
#        -I
#        D:\workspace\LPLD_OSKinetis_V3\project\Overload3\iar\..\..\..\lib\LPLD\FUNC\
#        -I
#        D:\workspace\LPLD_OSKinetis_V3\project\Overload3\iar\..\..\..\lib\uCOS-II\Ports\
#        -I
#        D:\workspace\LPLD_OSKinetis_V3\project\Overload3\iar\..\..\..\lib\uCOS-II\Source\
#        -I
#        D:\workspace\LPLD_OSKinetis_V3\project\Overload3\iar\..\..\..\lib\FatFs\
#        -I
#        D:\workspace\LPLD_OSKinetis_V3\project\Overload3\iar\..\..\..\lib\FatFs\option\
#        -I
#        D:\workspace\LPLD_OSKinetis_V3\project\Overload3\iar\..\..\..\lib\USB\common\
#        -I
#        D:\workspace\LPLD_OSKinetis_V3\project\Overload3\iar\..\..\..\lib\USB\driver\
#        -I
#        D:\workspace\LPLD_OSKinetis_V3\project\Overload3\iar\..\..\..\lib\USB\descriptor\
#        -I
#        D:\workspace\LPLD_OSKinetis_V3\project\Overload3\iar\..\..\..\lib\USB\class\
#        -Om -I "D:\Program Files\IAR Systems\Embedded Workbench
#        8.0\arm\CMSIS\Include\" -D ARM_MATH_CM4)
#    Locale       =  C
#    List file    =  
#        D:\workspace\LPLD_OSKinetis_V3\project\Overload3\iar\FLASH\List\assert.lst
#    Object file  =  
#        D:\workspace\LPLD_OSKinetis_V3\project\Overload3\iar\FLASH\Obj\assert.o
#
###############################################################################

D:\workspace\LPLD_OSKinetis_V3\lib\common\assert.c
      1          /**
      2           * @file assert.c
      3           * @version 3.0[By LPLD]
      4           * @date 2013-06-18
      5           * @brief 断言函数定义
      6           *
      7           * 更改建议:不建议修改
      8           *
      9           * 一般不直接调用这里的断言函数，需要调用assert.h中的ASSERT宏定义
     10           *
     11           * 版权所有:北京拉普兰德电子技术有限公司
     12           * http://www.lpld.cn
     13           * mail:support@lpld.cn
     14           *
     15           * @par
     16           * 本代码由拉普兰德[LPLD]开发并维护，并向所有使用者开放源代码。
     17           * 开发者可以随意修使用或改源代码。但本段及以上注释应予以保留。
     18           * 不得更改或删除原版权所有者姓名，二次开发者可以加注二次版权所有者。
     19           * 但应在遵守此协议的基础上，开放源代码、不得出售代码本身。
     20           * 拉普兰德不负责由于使用本代码所带来的任何事故、法律责任或相关不良影响。
     21           * 拉普兰德无义务解释、说明本代码的具体原理、功能、实现方法。
     22           * 除非拉普兰德[LPLD]授权，开发者不得将本代码用于商业产品。
     23           */
     24          
     25          #include "common.h"
     26          

   \                                 In section .text, align 4, keep-with-next
     27          const int8 ASSERT_FAILED_STR[] = "@@@@@@@ %s @@@@ %d @@@@@@@@\n";
   \                     ASSERT_FAILED_STR:
   \   00000000   0xB6 0xCF          DC8 "\266\317\321\324\312\247\260\334\267\242\311\372\323\332 %s \264\372\302\353\265\304\265\332 %d \320\320\243\254\307\353\274\354\262\351\262\316\312\375\241\243\012"
   \              0xD1 0xD4    
   \              0xCA 0xA7    
   \              0xB0 0xDC    
   \              0xB7 0xA2    
   \              0xC9 0xFA    
   \              0xD3 0xDA    
   \              0x20 0x25    
   \              0x73 0x20    
   \              0xB4 0xFA    
   \              0xC2 0xEB    
   \              0xB5 0xC4    
   \              0xB5 0xDA    
   \              0x20 0x25    
   \              0x64 0x20    
   \              0xD0 0xD0    
   \              0xA3 0xAC    
   \              0xC7 0xEB    
   \              0xBC 0xEC    
   \              0xB2 0xE9    
   \              0xB2 0xCE    
   \              0xCA 0xFD    
   \              0xA1 0xA3    
   \              0x0A 0x00    
     28          
     29          /********************************************************************/

   \                                 In section .text, align 2, keep-with-next
     30          void assert_failed(int8 *file, int32 line)
     31          {
   \                     assert_failed: (+1)
   \   00000000   0xB580             PUSH     {R7,LR}
   \   00000002   0x460A             MOV      R2,R1
     32            printf(ASSERT_FAILED_STR, file, line);
   \   00000004   0x4601             MOV      R1,R0
   \   00000006   0x.... 0x....      ADR.W    R0,ASSERT_FAILED_STR
   \   0000000A   0x.... 0x....      BL       printf
     33          
     34            while (1)
   \                     ??assert_failed_0: (+1)
   \   0000000E   0xE7FE             B.N      ??assert_failed_0
     35            {}
     36          }
     37          /********************************************************************/

   Maximum stack usage in bytes:

   .cstack Function
   ------- --------
       8   assert_failed
         8   -> printf


   Section sizes:

   Bytes  Function/Label
   -----  --------------
      48  ASSERT_FAILED_STR
      16  assert_failed

 
 64 bytes in section .text
 
 64 bytes of CODE memory

Errors: none
Warnings: 1
