###############################################################################
#
# IAR ANSI C/C++ Compiler V8.20.2.14835/W32 for ARM       08/Jun/2018  18:03:57
# Copyright 1999-2017 IAR Systems AB.
#
#    Cpu mode     =  thumb
#    Endian       =  little
#    Source file  =  
#        D:\workspace\LPLD_OSKinetis_V3\project\Overload3\app\Handsome.c
#    Command line =  
#        -f C:\Users\JoyC\AppData\Local\Temp\EWD9B8.tmp
#        (D:\workspace\LPLD_OSKinetis_V3\project\Overload3\app\Handsome.c -D
#        LPLD_K60 -D USE_K60DZ10 -lCN
#        D:\workspace\LPLD_OSKinetis_V3\project\Overload3\iar\FLASH\List -lB
#        D:\workspace\LPLD_OSKinetis_V3\project\Overload3\iar\FLASH\List -o
#        D:\workspace\LPLD_OSKinetis_V3\project\Overload3\iar\FLASH\Obj
#        --no_unroll --no_inline --no_tbaa --no_scheduling --debug
#        --endian=little --cpu=Cortex-M4 -e --fpu=None --dlib_config
#        "D:\Program Files\IAR Systems\Embedded Workbench
#        8.0\arm\INC\c\DLib_Config_Normal.h" -I
#        D:\workspace\LPLD_OSKinetis_V3\project\Overload3\iar\..\app\ -I
#        D:\workspace\LPLD_OSKinetis_V3\project\Overload3\iar\..\..\..\lib\CPU\
#        -I
#        D:\workspace\LPLD_OSKinetis_V3\project\Overload3\iar\..\..\..\lib\common\
#        -I
#        D:\workspace\LPLD_OSKinetis_V3\project\Overload3\iar\..\..\..\lib\LPLD\
#        -I
#        D:\workspace\LPLD_OSKinetis_V3\project\Overload3\iar\..\..\..\lib\LPLD\HW\
#        -I
#        D:\workspace\LPLD_OSKinetis_V3\project\Overload3\iar\..\..\..\lib\LPLD\DEV\
#        -I
#        D:\workspace\LPLD_OSKinetis_V3\project\Overload3\iar\..\..\..\lib\LPLD\FUNC\
#        -I
#        D:\workspace\LPLD_OSKinetis_V3\project\Overload3\iar\..\..\..\lib\uCOS-II\Ports\
#        -I
#        D:\workspace\LPLD_OSKinetis_V3\project\Overload3\iar\..\..\..\lib\uCOS-II\Source\
#        -I
#        D:\workspace\LPLD_OSKinetis_V3\project\Overload3\iar\..\..\..\lib\FatFs\
#        -I
#        D:\workspace\LPLD_OSKinetis_V3\project\Overload3\iar\..\..\..\lib\FatFs\option\
#        -I
#        D:\workspace\LPLD_OSKinetis_V3\project\Overload3\iar\..\..\..\lib\USB\common\
#        -I
#        D:\workspace\LPLD_OSKinetis_V3\project\Overload3\iar\..\..\..\lib\USB\driver\
#        -I
#        D:\workspace\LPLD_OSKinetis_V3\project\Overload3\iar\..\..\..\lib\USB\descriptor\
#        -I
#        D:\workspace\LPLD_OSKinetis_V3\project\Overload3\iar\..\..\..\lib\USB\class\
#        -Om -I "D:\Program Files\IAR Systems\Embedded Workbench
#        8.0\arm\CMSIS\Include\" -D ARM_MATH_CM4)
#    Locale       =  C
#    List file    =  
#        D:\workspace\LPLD_OSKinetis_V3\project\Overload3\iar\FLASH\List\Handsome.lst
#    Object file  =  
#        D:\workspace\LPLD_OSKinetis_V3\project\Overload3\iar\FLASH\Obj\Handsome.o
#
###############################################################################

D:\workspace\LPLD_OSKinetis_V3\project\Overload3\app\Handsome.c
      1          #include "include.h"

   \                                 In section .bss, align 4
      2          GPIO_InitTypeDef led_init_struct_a17;
   \                     led_init_struct_a17:
   \   00000000                      DS8 20
      3          GPIO_InitTypeDef led_init_struct_c0;
   \                     led_init_struct_c0:
   \   00000014                      DS8 20
      4          GPIO_InitTypeDef led_init_struct_d15;
   \                     led_init_struct_d15:
   \   00000028                      DS8 20
      5          GPIO_InitTypeDef led_init_struct_e26;
   \                     led_init_struct_e26:
   \   0000003C                      DS8 20

   \                                 In section .text, align 2, keep-with-next
      6          void Led_Init()
      7          {
   \                     Led_Init: (+1)
   \   00000000   0xB57C             PUSH     {R2-R6,LR}
      8            led_init_struct_a17.GPIO_PTx = PTA;
   \   00000002   0x....             LDR.N    R4,??DataTable2
   \   00000004   0x....             LDR.N    R0,??DataTable2_1  ;; 0x400ff000
   \   00000006   0x6020             STR      R0,[R4, #+0]
      9            led_init_struct_a17.GPIO_Pins=GPIO_Pin17;
   \   00000008   0xF44F 0x3000      MOV      R0,#+131072
   \   0000000C   0x6060             STR      R0,[R4, #+4]
     10            led_init_struct_a17.GPIO_Dir=DIR_OUTPUT;
   \   0000000E   0x2001             MOVS     R0,#+1
   \   00000010   0x7320             STRB     R0,[R4, #+12]
     11            led_init_struct_a17.GPIO_Output=OUTPUT_L;
   \   00000012   0x2000             MOVS     R0,#+0
   \   00000014   0x7360             STRB     R0,[R4, #+13]
     12            LPLD_GPIO_Init(led_init_struct_a17);
   \   00000016   0x4621             MOV      R1,R4
   \   00000018   0xB084             SUB      SP,SP,#+16
   \   0000001A   0x4668             MOV      R0,SP
   \   0000001C   0x2214             MOVS     R2,#+20
   \   0000001E   0x.... 0x....      BL       __aeabi_memcpy4
   \   00000022   0xBC0F             POP      {R0-R3}
   \   00000024   0x.... 0x....      BL       LPLD_GPIO_Init
     13            
     14            led_init_struct_c0.GPIO_PTx = PTC;
   \   00000028   0x....             LDR.N    R5,??DataTable2_2  ;; 0x400ff080
   \   0000002A   0x6165             STR      R5,[R4, #+20]
     15            led_init_struct_c0.GPIO_Pins=GPIO_Pin0;
   \   0000002C   0x2001             MOVS     R0,#+1
   \   0000002E   0x61A0             STR      R0,[R4, #+24]
     16            led_init_struct_c0.GPIO_Dir=DIR_OUTPUT;
   \   00000030   0xF884 0x0020      STRB     R0,[R4, #+32]
     17            led_init_struct_c0.GPIO_Output=OUTPUT_L;
   \   00000034   0x2000             MOVS     R0,#+0
   \   00000036   0xF884 0x0021      STRB     R0,[R4, #+33]
     18            LPLD_GPIO_Init(led_init_struct_c0);
   \   0000003A   0xF104 0x0114      ADD      R1,R4,#+20
   \   0000003E   0xB084             SUB      SP,SP,#+16
   \   00000040   0x4668             MOV      R0,SP
   \   00000042   0x2214             MOVS     R2,#+20
   \   00000044   0x.... 0x....      BL       __aeabi_memcpy4
   \   00000048   0xBC0F             POP      {R0-R3}
   \   0000004A   0x.... 0x....      BL       LPLD_GPIO_Init
     19            
     20            led_init_struct_d15.GPIO_PTx = PTD;
   \   0000004E   0xF104 0x0628      ADD      R6,R4,#+40
   \   00000052   0xF105 0x0040      ADD      R0,R5,#+64
   \   00000056   0x6030             STR      R0,[R6, #+0]
     21            led_init_struct_d15.GPIO_Pins=GPIO_Pin15;
   \   00000058   0xF44F 0x4000      MOV      R0,#+32768
   \   0000005C   0x6070             STR      R0,[R6, #+4]
     22            led_init_struct_d15.GPIO_Dir=DIR_OUTPUT;
   \   0000005E   0x2001             MOVS     R0,#+1
   \   00000060   0x7330             STRB     R0,[R6, #+12]
     23            led_init_struct_d15.GPIO_Output=OUTPUT_L;
   \   00000062   0x2000             MOVS     R0,#+0
   \   00000064   0x7370             STRB     R0,[R6, #+13]
     24            LPLD_GPIO_Init(led_init_struct_d15); 
   \   00000066   0x4631             MOV      R1,R6
   \   00000068   0xB084             SUB      SP,SP,#+16
   \   0000006A   0x4668             MOV      R0,SP
   \   0000006C   0x2214             MOVS     R2,#+20
   \   0000006E   0x.... 0x....      BL       __aeabi_memcpy4
   \   00000072   0xBC0F             POP      {R0-R3}
   \   00000074   0x.... 0x....      BL       LPLD_GPIO_Init
     25            
     26            led_init_struct_e26.GPIO_PTx = PTE;
   \   00000078   0x....             LDR.N    R0,??DataTable2_3  ;; 0x400ff100
   \   0000007A   0x6170             STR      R0,[R6, #+20]
     27            led_init_struct_e26.GPIO_Pins=GPIO_Pin26;
   \   0000007C   0xF04F 0x6080      MOV      R0,#+67108864
   \   00000080   0x61B0             STR      R0,[R6, #+24]
     28            led_init_struct_e26.GPIO_Dir=DIR_OUTPUT;
   \   00000082   0xF104 0x0048      ADD      R0,R4,#+72
   \   00000086   0x2101             MOVS     R1,#+1
   \   00000088   0x7001             STRB     R1,[R0, #+0]
     29            led_init_struct_e26.GPIO_Output=OUTPUT_L;
   \   0000008A   0x2100             MOVS     R1,#+0
   \   0000008C   0x7041             STRB     R1,[R0, #+1]
     30            LPLD_GPIO_Init(led_init_struct_e26);
   \   0000008E   0xF104 0x013C      ADD      R1,R4,#+60
   \   00000092   0xB084             SUB      SP,SP,#+16
   \   00000094   0x4668             MOV      R0,SP
   \   00000096   0x2214             MOVS     R2,#+20
   \   00000098   0x.... 0x....      BL       __aeabi_memcpy4
   \   0000009C   0xBC0F             POP      {R0-R3}
   \   0000009E   0x.... 0x....      BL       LPLD_GPIO_Init
     31          }
   \   000000A2   0xBD73             POP      {R0,R1,R4-R6,PC}  ;; return
     32          

   \                                 In section .text, align 2, keep-with-next
     33          void Led_On()
     34          {
     35            PTA17_O = 0;
   \                     Led_On: (+1)
   \   00000000   0x2000             MOVS     R0,#+0
   \   00000002   0x....             LDR.N    R1,??DataTable2_4  ;; 0x43fe0044
   \   00000004   0x6008             STR      R0,[R1, #+0]
     36            PTC0_O = 0;
   \   00000006   0x....             LDR.N    R1,??DataTable2_5  ;; 0x43fe1000
   \   00000008   0x6008             STR      R0,[R1, #+0]
     37            PTD15_O = 0;
   \   0000000A   0x....             LDR.N    R1,??DataTable2_6  ;; 0x43fe183c
   \   0000000C   0x6008             STR      R0,[R1, #+0]
     38            PTE26_O = 0;
   \   0000000E   0x....             LDR.N    R1,??DataTable2_7  ;; 0x43fe2068
   \   00000010   0x6008             STR      R0,[R1, #+0]
     39          }
   \   00000012   0x4770             BX       LR               ;; return

   \                                 In section .text, align 2, keep-with-next
     40          void Led_Off()
     41          {
     42            PTA17_O = 1;
   \                     Led_Off: (+1)
   \   00000000   0x2001             MOVS     R0,#+1
   \   00000002   0x....             LDR.N    R1,??DataTable2_4  ;; 0x43fe0044
   \   00000004   0x6008             STR      R0,[R1, #+0]
     43            PTC0_O = 1;
   \   00000006   0x....             LDR.N    R1,??DataTable2_5  ;; 0x43fe1000
   \   00000008   0x6008             STR      R0,[R1, #+0]
     44            PTD15_O = 1;
   \   0000000A   0x....             LDR.N    R1,??DataTable2_6  ;; 0x43fe183c
   \   0000000C   0x6008             STR      R0,[R1, #+0]
     45            PTE26_O = 1;
   \   0000000E   0x....             LDR.N    R1,??DataTable2_7  ;; 0x43fe2068
   \   00000010   0x6008             STR      R0,[R1, #+0]
     46          }
   \   00000012   0x4770             BX       LR               ;; return

   \                                 In section .text, align 4, keep-with-next
   \                     ??DataTable2:
   \   00000000   0x........         DC32     led_init_struct_a17

   \                                 In section .text, align 4, keep-with-next
   \                     ??DataTable2_1:
   \   00000000   0x400FF000         DC32     0x400ff000

   \                                 In section .text, align 4, keep-with-next
   \                     ??DataTable2_2:
   \   00000000   0x400FF080         DC32     0x400ff080

   \                                 In section .text, align 4, keep-with-next
   \                     ??DataTable2_3:
   \   00000000   0x400FF100         DC32     0x400ff100

   \                                 In section .text, align 4, keep-with-next
   \                     ??DataTable2_4:
   \   00000000   0x43FE0044         DC32     0x43fe0044

   \                                 In section .text, align 4, keep-with-next
   \                     ??DataTable2_5:
   \   00000000   0x43FE1000         DC32     0x43fe1000

   \                                 In section .text, align 4, keep-with-next
   \                     ??DataTable2_6:
   \   00000000   0x43FE183C         DC32     0x43fe183c

   \                                 In section .text, align 4, keep-with-next
   \                     ??DataTable2_7:
   \   00000000   0x43FE2068         DC32     0x43fe2068

   Maximum stack usage in bytes:

   .cstack Function
   ------- --------
      40   Led_Init
        24   -> LPLD_GPIO_Init
        40   -> __aeabi_memcpy4
       0   Led_Off
       0   Led_On


   Section sizes:

   Bytes  Function/Label
   -----  --------------
       4  ??DataTable2
       4  ??DataTable2_1
       4  ??DataTable2_2
       4  ??DataTable2_3
       4  ??DataTable2_4
       4  ??DataTable2_5
       4  ??DataTable2_6
       4  ??DataTable2_7
     164  Led_Init
      20  Led_Off
      20  Led_On
      80  led_init_struct_a17
          led_init_struct_c0
          led_init_struct_d15
          led_init_struct_e26

 
  80 bytes in section .bss
 236 bytes in section .text
 
 236 bytes of CODE memory
  80 bytes of DATA memory

Errors: none
Warnings: none
