###############################################################################
#
# IAR ANSI C/C++ Compiler V8.20.2.14835/W32 for ARM       17/May/2018  19:45:46
# Copyright 1999-2017 IAR Systems AB.
#
#    Cpu mode     =  thumb
#    Endian       =  little
#    Source file  =  D:\workspace\LPLD_OSKinetis_V3\lib\common\io.c
#    Command line =  
#        -f C:\Users\JoyC\AppData\Local\Temp\EW6E5F.tmp
#        (D:\workspace\LPLD_OSKinetis_V3\lib\common\io.c -D LPLD_K60 -D
#        USE_K60DZ10 -lCN
#        D:\workspace\LPLD_OSKinetis_V3\project\Overload3\iar\FLASH\List -lB
#        D:\workspace\LPLD_OSKinetis_V3\project\Overload3\iar\FLASH\List -o
#        D:\workspace\LPLD_OSKinetis_V3\project\Overload3\iar\FLASH\Obj
#        --no_unroll --no_inline --no_tbaa --no_scheduling --debug
#        --endian=little --cpu=Cortex-M4 -e --fpu=None --dlib_config
#        "D:\Program Files\IAR Systems\Embedded Workbench
#        8.0\arm\INC\c\DLib_Config_Normal.h" -I
#        D:\workspace\LPLD_OSKinetis_V3\project\Overload3\iar\..\app\ -I
#        D:\workspace\LPLD_OSKinetis_V3\project\Overload3\iar\..\..\..\lib\CPU\
#        -I
#        D:\workspace\LPLD_OSKinetis_V3\project\Overload3\iar\..\..\..\lib\common\
#        -I
#        D:\workspace\LPLD_OSKinetis_V3\project\Overload3\iar\..\..\..\lib\LPLD\
#        -I
#        D:\workspace\LPLD_OSKinetis_V3\project\Overload3\iar\..\..\..\lib\LPLD\HW\
#        -I
#        D:\workspace\LPLD_OSKinetis_V3\project\Overload3\iar\..\..\..\lib\LPLD\DEV\
#        -I
#        D:\workspace\LPLD_OSKinetis_V3\project\Overload3\iar\..\..\..\lib\LPLD\FUNC\
#        -I
#        D:\workspace\LPLD_OSKinetis_V3\project\Overload3\iar\..\..\..\lib\uCOS-II\Ports\
#        -I
#        D:\workspace\LPLD_OSKinetis_V3\project\Overload3\iar\..\..\..\lib\uCOS-II\Source\
#        -I
#        D:\workspace\LPLD_OSKinetis_V3\project\Overload3\iar\..\..\..\lib\FatFs\
#        -I
#        D:\workspace\LPLD_OSKinetis_V3\project\Overload3\iar\..\..\..\lib\FatFs\option\
#        -I
#        D:\workspace\LPLD_OSKinetis_V3\project\Overload3\iar\..\..\..\lib\USB\common\
#        -I
#        D:\workspace\LPLD_OSKinetis_V3\project\Overload3\iar\..\..\..\lib\USB\driver\
#        -I
#        D:\workspace\LPLD_OSKinetis_V3\project\Overload3\iar\..\..\..\lib\USB\descriptor\
#        -I
#        D:\workspace\LPLD_OSKinetis_V3\project\Overload3\iar\..\..\..\lib\USB\class\
#        -Om -I "D:\Program Files\IAR Systems\Embedded Workbench
#        8.0\arm\CMSIS\Include\" -D ARM_MATH_CM4)
#    Locale       =  C
#    List file    =  
#        D:\workspace\LPLD_OSKinetis_V3\project\Overload3\iar\FLASH\List\io.lst
#    Object file  =  
#        D:\workspace\LPLD_OSKinetis_V3\project\Overload3\iar\FLASH\Obj\io.o
#
###############################################################################

D:\workspace\LPLD_OSKinetis_V3\lib\common\io.c
      1          /**
      2           * @file io.c
      3           * @version 3.01[By LPLD]
      4           * @date 2013-11-4
      5           * @brief 串行输入/输出函数
      6           *
      7           * 更改建议:不建议修改
      8           *
      9           * TERMINAL_PORT为串口号，在用户工程的k60_card.h中定义
     10           *
     11           * 版权所有:北京拉普兰德电子技术有限公司
     12           * http://www.lpld.cn
     13           * mail:support@lpld.cn
     14           *
     15           * @par
     16           * 本代码由拉普兰德[LPLD]开发并维护，并向所有使用者开放源代码。
     17           * 开发者可以随意修使用或改源代码。但本段及以上注释应予以保留。
     18           * 不得更改或删除原版权所有者姓名，二次开发者可以加注二次版权所有者。
     19           * 但应在遵守此协议的基础上，开放源代码、不得出售代码本身。
     20           * 拉普兰德不负责由于使用本代码所带来的任何事故、法律责任或相关不良影响。
     21           * 拉普兰德无义务解释、说明本代码的具体原理、功能、实现方法。
     22           * 除非拉普兰德[LPLD]授权，开发者不得将本代码用于商业产品。
     23           */
     24          
     25          #include "common.h"
     26          #include "HW_UART.h"
     27          
     28          /********************************************************************/

   \                                 In section .text, align 2, keep-with-next
     29          int8 in_char (void)
     30          {
     31          	return LPLD_UART_GetChar(TERM_PORT);
   \                     in_char: (+1)
   \   00000000   0x....             LDR.N    R0,??DataTable2  ;; 0x400eb000
   \   00000002   0x.... 0x....      B.W      LPLD_UART_GetChar
     32          }
     33          /********************************************************************/

   \                                 In section .text, align 2, keep-with-next
     34          void out_char (int8 ch)
     35          {
   \                     out_char: (+1)
   \   00000000   0x4601             MOV      R1,R0
     36          	LPLD_UART_PutChar(TERM_PORT, ch);
   \   00000002   0x....             LDR.N    R0,??DataTable2  ;; 0x400eb000
   \   00000004   0x.... 0x....      B.W      LPLD_UART_PutChar
     37          }
     38          /********************************************************************/

   \                                 In section .text, align 2, keep-with-next
     39          int32 char_present (void)
     40          {
     41          	return LPLD_UART_GetChar_Present(TERM_PORT);
   \                     char_present: (+1)
   \   00000000   0x....             LDR.N    R0,??DataTable2  ;; 0x400eb000
   \   00000002   0x.... 0x....      B.W      LPLD_UART_GetChar_Present
     42          }

   \                                 In section .text, align 4, keep-with-next
   \                     ??DataTable2:
   \   00000000   0x400EB000         DC32     0x400eb000
     43          /********************************************************************/

   Maximum stack usage in bytes:

   .cstack Function
   ------- --------
       0   char_present
         0   -> LPLD_UART_GetChar_Present
       0   in_char
         0   -> LPLD_UART_GetChar
       0   out_char
         0   -> LPLD_UART_PutChar


   Section sizes:

   Bytes  Function/Label
   -----  --------------
       4  ??DataTable2
       6  char_present
       6  in_char
       8  out_char

 
 24 bytes in section .text
 
 24 bytes of CODE memory

Errors: none
Warnings: none
