###############################################################################
#
# IAR ANSI C/C++ Compiler V8.20.2.14835/W32 for ARM       08/Mar/2018  21:10:23
# Copyright 1999-2017 IAR Systems AB.
#
#    Cpu mode     =  thumb
#    Endian       =  little
#    Source file  =  D:\workspace\LPLD_OSKinetis_V3\lib\LPLD\HW\HW_PIT.c
#    Command line =  
#        -f C:\Users\JoyC\AppData\Local\Temp\EWCE54.tmp
#        (D:\workspace\LPLD_OSKinetis_V3\lib\LPLD\HW\HW_PIT.c -D LPLD_K60 -D
#        USE_K60DZ10 -lCN
#        D:\workspace\LPLD_OSKinetis_V3\project\Overload\iar\BOOT\List -lB
#        D:\workspace\LPLD_OSKinetis_V3\project\Overload\iar\BOOT\List -o
#        D:\workspace\LPLD_OSKinetis_V3\project\Overload\iar\BOOT\Obj --no_cse
#        --no_unroll --no_inline --no_code_motion --no_tbaa --no_clustering
#        --no_scheduling --debug --endian=little --cpu=Cortex-M4 -e --fpu=None
#        --dlib_config "D:\Program Files\IAR Systems\Embedded Workbench
#        8.0\arm\INC\c\DLib_Config_Normal.h" -I
#        D:\workspace\LPLD_OSKinetis_V3\project\Overload\iar\..\app\ -I
#        D:\workspace\LPLD_OSKinetis_V3\project\Overload\iar\..\..\..\lib\CPU\
#        -I
#        D:\workspace\LPLD_OSKinetis_V3\project\Overload\iar\..\..\..\lib\common\
#        -I
#        D:\workspace\LPLD_OSKinetis_V3\project\Overload\iar\..\..\..\lib\LPLD\
#        -I
#        D:\workspace\LPLD_OSKinetis_V3\project\Overload\iar\..\..\..\lib\LPLD\HW\
#        -I
#        D:\workspace\LPLD_OSKinetis_V3\project\Overload\iar\..\..\..\lib\LPLD\DEV\
#        -I
#        D:\workspace\LPLD_OSKinetis_V3\project\Overload\iar\..\..\..\lib\LPLD\FUNC\
#        -I
#        D:\workspace\LPLD_OSKinetis_V3\project\Overload\iar\..\..\..\lib\uCOS-II\Ports\
#        -I
#        D:\workspace\LPLD_OSKinetis_V3\project\Overload\iar\..\..\..\lib\uCOS-II\Source\
#        -I
#        D:\workspace\LPLD_OSKinetis_V3\project\Overload\iar\..\..\..\lib\FatFs\
#        -I
#        D:\workspace\LPLD_OSKinetis_V3\project\Overload\iar\..\..\..\lib\FatFs\option\
#        -I
#        D:\workspace\LPLD_OSKinetis_V3\project\Overload\iar\..\..\..\lib\USB\common\
#        -I
#        D:\workspace\LPLD_OSKinetis_V3\project\Overload\iar\..\..\..\lib\USB\driver\
#        -I
#        D:\workspace\LPLD_OSKinetis_V3\project\Overload\iar\..\..\..\lib\USB\descriptor\
#        -I
#        D:\workspace\LPLD_OSKinetis_V3\project\Overload\iar\..\..\..\lib\USB\class\
#        -Ol -I "D:\Program Files\IAR Systems\Embedded Workbench
#        8.0\arm\CMSIS\Include\" -D ARM_MATH_CM4)
#    Locale       =  C
#    List file    =  
#        D:\workspace\LPLD_OSKinetis_V3\project\Overload\iar\BOOT\List\HW_PIT.lst
#    Object file  =  
#        D:\workspace\LPLD_OSKinetis_V3\project\Overload\iar\BOOT\Obj\HW_PIT.o
#
###############################################################################

D:\workspace\LPLD_OSKinetis_V3\lib\LPLD\HW\HW_PIT.c
      1          /**
      2           * @file HW_PIT.c
      3           * @version 3.0[By LPLD]
      4           * @date 2013-06-18
      5           * @brief PIT底层模块相关函数
      6           *
      7           * 更改建议:不建议修改
      8           *
      9           * 版权所有:北京拉普兰德电子技术有限公司
     10           * http://www.lpld.cn
     11           * mail:support@lpld.cn
     12           *
     13           * @par
     14           * 本代码由拉普兰德[LPLD]开发并维护，并向所有使用者开放源代码。
     15           * 开发者可以随意修使用或改源代码。但本段及以上注释应予以保留。
     16           * 不得更改或删除原版权所有者姓名，二次开发者可以加注二次版权所有者。
     17           * 但应在遵守此协议的基础上，开放源代码、不得出售代码本身。
     18           * 拉普兰德不负责由于使用本代码所带来的任何事故、法律责任或相关不良影响。
     19           * 拉普兰德无义务解释、说明本代码的具体原理、功能、实现方法。
     20           * 除非拉普兰德[LPLD]授权，开发者不得将本代码用于商业产品。
     21           */
     22          #include "common.h"

   \                                 In section .text, align 2, keep-with-next
   \   static __interwork __softfp void __NVIC_EnableIRQ(IRQn_Type)
   \                     __NVIC_EnableIRQ: (+1)
   \   00000000   0x0001             MOVS     R1,R0
   \   00000002   0xB249             SXTB     R1,R1            ;; SignExt  R1,R1,#+24,#+24
   \   00000004   0x2900             CMP      R1,#+0
   \   00000006   0xD408             BMI.N    ??__NVIC_EnableIRQ_0
   \   00000008   0x2201             MOVS     R2,#+1
   \   0000000A   0xF010 0x011F      ANDS     R1,R0,#0x1F
   \   0000000E   0x408A             LSLS     R2,R2,R1
   \   00000010   0x....             LDR.N    R1,??DataTable9  ;; 0xe000e100
   \   00000012   0xB240             SXTB     R0,R0            ;; SignExt  R0,R0,#+24,#+24
   \   00000014   0x0940             LSRS     R0,R0,#+5
   \   00000016   0xF841 0x2020      STR      R2,[R1, R0, LSL #+2]
   \                     ??__NVIC_EnableIRQ_0: (+1)
   \   0000001A   0x4770             BX       LR               ;; return

   \                                 In section .text, align 2, keep-with-next
   \   static __interwork __softfp void __NVIC_DisableIRQ(IRQn_Type)
   \                     __NVIC_DisableIRQ: (+1)
   \   00000000   0x0001             MOVS     R1,R0
   \   00000002   0xB249             SXTB     R1,R1            ;; SignExt  R1,R1,#+24,#+24
   \   00000004   0x2900             CMP      R1,#+0
   \   00000006   0xD408             BMI.N    ??__NVIC_DisableIRQ_0
   \   00000008   0x2201             MOVS     R2,#+1
   \   0000000A   0xF010 0x011F      ANDS     R1,R0,#0x1F
   \   0000000E   0x408A             LSLS     R2,R2,R1
   \   00000010   0x....             LDR.N    R1,??DataTable9_1  ;; 0xe000e180
   \   00000012   0xB240             SXTB     R0,R0            ;; SignExt  R0,R0,#+24,#+24
   \   00000014   0x0940             LSRS     R0,R0,#+5
   \   00000016   0xF841 0x2020      STR      R2,[R1, R0, LSL #+2]
   \                     ??__NVIC_DisableIRQ_0: (+1)
   \   0000001A   0x4770             BX       LR               ;; return
     23          #include "HW_PIT.h"
     24          
     25          //@@@@@@@@@@@@@

   \                                 In section .bss, align 4
     26          PIT_ISR_CALLBACK PIT_ISR[4];
   \                     PIT_ISR:
   \   00000000                      DS8 16
     27          
     28          /*
     29           * LPLD_PIT_Init
     30           * PIT@@@@@@@@@@PITx@@@@@@@@@@@@
     31           * 
     32           * @@:
     33           *    pit_init_structure--PIT@@@@@@@
     34           *                        @@@@@PIT_InitTypeDef
     35           *
     36           * @@:
     37           *    0--@@@@
     38           *    1--@@@@
     39           */

   \                                 In section .text, align 2, keep-with-next
     40          uint8 LPLD_PIT_Init(PIT_InitTypeDef pit_init_structure)
     41          { 
   \                     LPLD_PIT_Init: (+1)
   \   00000000   0xB40F             PUSH     {R0-R3}
   \   00000002   0xB570             PUSH     {R4-R6,LR}
     42            //@@@@@@@
     43            uint32 ldval = pit_init_structure.PIT_PeriodUs*(g_bus_clock/1000000)
     44                         + pit_init_structure.PIT_PeriodMs*1000*(g_bus_clock/1000000)
     45                         + pit_init_structure.PIT_PeriodS*1000000*(g_bus_clock/1000000);
   \   00000004   0x9905             LDR      R1,[SP, #+20]
   \   00000006   0x....             LDR.N    R0,??DataTable9_2
   \   00000008   0x6800             LDR      R0,[R0, #+0]
   \   0000000A   0x....             LDR.N    R2,??DataTable9_3  ;; 0xf4240
   \   0000000C   0xFBB0 0xF2F2      UDIV     R2,R0,R2
   \   00000010   0x9B06             LDR      R3,[SP, #+24]
   \   00000012   0x....             LDR.N    R0,??DataTable9_2
   \   00000014   0x6800             LDR      R0,[R0, #+0]
   \   00000016   0x....             LDR.N    R4,??DataTable9_3  ;; 0xf4240
   \   00000018   0xFBB0 0xF0F4      UDIV     R0,R0,R4
   \   0000001C   0x4343             MULS     R3,R0,R3
   \   0000001E   0xF44F 0x707A      MOV      R0,#+1000
   \   00000022   0x4343             MULS     R3,R0,R3
   \   00000024   0xFB02 0x3101      MLA      R1,R2,R1,R3
   \   00000028   0x9C07             LDR      R4,[SP, #+28]
   \   0000002A   0x....             LDR.N    R0,??DataTable9_2
   \   0000002C   0x6800             LDR      R0,[R0, #+0]
   \   0000002E   0x....             LDR.N    R2,??DataTable9_3  ;; 0xf4240
   \   00000030   0xFBB0 0xF0F2      UDIV     R0,R0,R2
   \   00000034   0x4344             MULS     R4,R0,R4
   \   00000036   0x....             LDR.N    R0,??DataTable9_3  ;; 0xf4240
   \   00000038   0xFB00 0x1404      MLA      R4,R0,R4,R1
     46            PITx pitx = pit_init_structure.PIT_Pitx;
   \   0000003C   0xF89D 0x5010      LDRB     R5,[SP, #+16]
     47            PIT_ISR_CALLBACK isr_func = pit_init_structure.PIT_Isr;
   \   00000040   0x9E08             LDR      R6,[SP, #+32]
     48            
     49            //@@@@
     50            ASSERT( pitx <= PIT3);        //@@@@@
   \   00000042   0x0028             MOVS     R0,R5
   \   00000044   0xB2C0             UXTB     R0,R0            ;; ZeroExt  R0,R0,#+24,#+24
   \   00000046   0x2804             CMP      R0,#+4
   \   00000048   0xDB03             BLT.N    ??LPLD_PIT_Init_0
   \   0000004A   0x2132             MOVS     R1,#+50
   \   0000004C   0x....             LDR.N    R0,??DataTable9_4
   \   0000004E   0x.... 0x....      BL       assert_failed
     51            ASSERT( ldval > 0);           //@@@@@@                
   \                     ??LPLD_PIT_Init_0: (+1)
   \   00000052   0x2C00             CMP      R4,#+0
   \   00000054   0xD103             BNE.N    ??LPLD_PIT_Init_1
   \   00000056   0x2133             MOVS     R1,#+51
   \   00000058   0x....             LDR.N    R0,??DataTable9_4
   \   0000005A   0x.... 0x....      BL       assert_failed
     52            
     53            //@@@@@@@@
     54            SIM->SCGC6 |= SIM_SCGC6_PIT_MASK;
   \                     ??LPLD_PIT_Init_1: (+1)
   \   0000005E   0x....             LDR.N    R0,??DataTable9_5  ;; 0x4004803c
   \   00000060   0x6800             LDR      R0,[R0, #+0]
   \   00000062   0xF450 0x0000      ORRS     R0,R0,#0x800000
   \   00000066   0x....             LDR.N    R1,??DataTable9_5  ;; 0x4004803c
   \   00000068   0x6008             STR      R0,[R1, #+0]
     55            
     56            // @@ PIT
     57            PIT->MCR = 0x00;
   \   0000006A   0x2000             MOVS     R0,#+0
   \   0000006C   0x....             LDR.N    R1,??DataTable9_6  ;; 0x40037000
   \   0000006E   0x6008             STR      R0,[R1, #+0]
     58           
     59            if(isr_func != NULL){
   \   00000070   0x0030             MOVS     R0,R6
   \   00000072   0x2800             CMP      R0,#+0
   \   00000074   0xD00B             BEQ.N    ??LPLD_PIT_Init_2
     60              PIT_ISR[pitx] = isr_func;
   \   00000076   0x....             LDR.N    R0,??DataTable9_7
   \   00000078   0x0029             MOVS     R1,R5
   \   0000007A   0xB2C9             UXTB     R1,R1            ;; ZeroExt  R1,R1,#+24,#+24
   \   0000007C   0xF840 0x6021      STR      R6,[R0, R1, LSL #+2]
     61              //@@@@
     62              PIT->CHANNEL[pitx].TCTRL = PIT_TCTRL_TIE_MASK;
   \   00000080   0x2002             MOVS     R0,#+2
   \   00000082   0x....             LDR.N    R1,??DataTable9_8  ;; 0x40037100
   \   00000084   0x002A             MOVS     R2,R5
   \   00000086   0xB2D2             UXTB     R2,R2            ;; ZeroExt  R2,R2,#+24,#+24
   \   00000088   0x0112             LSLS     R2,R2,#+4
   \   0000008A   0x4411             ADD      R1,R1,R2
   \   0000008C   0x6088             STR      R0,[R1, #+8]
     63              //@NVIC@@@PIT@@
     64              //enable_irq((IRQn_Type)(PIT0_IRQn + (IRQn_Type)pitx)); 
     65            }
     66            
     67            //period = (period_ns/bus_period_ns)-1
     68            PIT->CHANNEL[pitx].LDVAL = ldval-1;
   \                     ??LPLD_PIT_Init_2: (+1)
   \   0000008E   0x1E64             SUBS     R4,R4,#+1
   \   00000090   0x....             LDR.N    R0,??DataTable9_8  ;; 0x40037100
   \   00000092   0x0029             MOVS     R1,R5
   \   00000094   0xB2C9             UXTB     R1,R1            ;; ZeroExt  R1,R1,#+24,#+24
   \   00000096   0x0109             LSLS     R1,R1,#+4
   \   00000098   0x5044             STR      R4,[R0, R1]
     69            //@@@@
     70            //PIT->CHANNEL[pitx].TCTRL = PIT_TCTRL_TIE_MASK;
     71            //@@@@
     72            PIT->CHANNEL[pitx].TCTRL |= PIT_TCTRL_TEN_MASK;
   \   0000009A   0x....             LDR.N    R0,??DataTable9_8  ;; 0x40037100
   \   0000009C   0x0029             MOVS     R1,R5
   \   0000009E   0xB2C9             UXTB     R1,R1            ;; ZeroExt  R1,R1,#+24,#+24
   \   000000A0   0x0109             LSLS     R1,R1,#+4
   \   000000A2   0x4408             ADD      R0,R0,R1
   \   000000A4   0x6880             LDR      R0,[R0, #+8]
   \   000000A6   0xF050 0x0001      ORRS     R0,R0,#0x1
   \   000000AA   0x....             LDR.N    R1,??DataTable9_8  ;; 0x40037100
   \   000000AC   0xB2ED             UXTB     R5,R5            ;; ZeroExt  R5,R5,#+24,#+24
   \   000000AE   0x012A             LSLS     R2,R5,#+4
   \   000000B0   0x4411             ADD      R1,R1,R2
   \   000000B2   0x6088             STR      R0,[R1, #+8]
     73            
     74            return 1;
   \   000000B4   0x2001             MOVS     R0,#+1
   \   000000B6   0xBC70             POP      {R4-R6}
   \   000000B8   0xF85D 0xFB14      LDR      PC,[SP], #+20    ;; return
     75          }
     76          
     77          /*
     78           * LPLD_PIT_Deinit
     79           * PIT@@@@@@@@@@@@PITx
     80           * 
     81           * @@:
     82           *    pit_init_structure--PIT@@@@@@@
     83           *                        @@@@@PIT_InitTypeDef
     84           *
     85           * @@:
     86           *    @
     87           */

   \                                 In section .text, align 2, keep-with-next
     88          void LPLD_PIT_Deinit(PIT_InitTypeDef pit_init_structure)
     89          { 
   \                     LPLD_PIT_Deinit: (+1)
   \   00000000   0xB40F             PUSH     {R0-R3}
   \   00000002   0xB510             PUSH     {R4,LR}
     90            PITx pitx = pit_init_structure.PIT_Pitx;
   \   00000004   0xF89D 0x4008      LDRB     R4,[SP, #+8]
     91            
     92            //@@@@
     93            ASSERT( pitx <= PIT3);        //@@@@@              
   \   00000008   0x0020             MOVS     R0,R4
   \   0000000A   0xB2C0             UXTB     R0,R0            ;; ZeroExt  R0,R0,#+24,#+24
   \   0000000C   0x2804             CMP      R0,#+4
   \   0000000E   0xDB03             BLT.N    ??LPLD_PIT_Deinit_0
   \   00000010   0x215D             MOVS     R1,#+93
   \   00000012   0x....             LDR.N    R0,??DataTable9_4
   \   00000014   0x.... 0x....      BL       assert_failed
     94          
     95            disable_irq((IRQn_Type)(PIT0_IRQn + (IRQn_Type)pitx)); 
   \                     ??LPLD_PIT_Deinit_0: (+1)
   \   00000018   0xF114 0x0044      ADDS     R0,R4,#+68
   \   0000001C   0xB240             SXTB     R0,R0            ;; SignExt  R0,R0,#+24,#+24
   \   0000001E   0x.... 0x....      BL       __NVIC_DisableIRQ
     96          
     97            //@@@@\@@@@
     98            PIT->CHANNEL[pitx].TCTRL = 0;
   \   00000022   0x2000             MOVS     R0,#+0
   \   00000024   0x....             LDR.N    R1,??DataTable9_8  ;; 0x40037100
   \   00000026   0xB2E4             UXTB     R4,R4            ;; ZeroExt  R4,R4,#+24,#+24
   \   00000028   0x0122             LSLS     R2,R4,#+4
   \   0000002A   0x4411             ADD      R1,R1,R2
   \   0000002C   0x6088             STR      R0,[R1, #+8]
     99          }
   \   0000002E   0xBC10             POP      {R4}
   \   00000030   0xF85D 0xFB14      LDR      PC,[SP], #+20    ;; return
    100          
    101          /*
    102           * LPLD_PIT_EnableIrq
    103           * @@PITx@@
    104           * 
    105           * @@:
    106           *    pit_init_structure--PIT@@@@@@@
    107           *                        @@@@@PIT_InitTypeDef
    108           *
    109           * @@:
    110           *    @
    111           *
    112           */

   \                                 In section .text, align 2, keep-with-next
    113          void LPLD_PIT_EnableIrq(PIT_InitTypeDef pit_init_structure)
    114          {
   \                     LPLD_PIT_EnableIrq: (+1)
   \   00000000   0xB40F             PUSH     {R0-R3}
   \   00000002   0xB510             PUSH     {R4,LR}
    115            PITx pitx = pit_init_structure.PIT_Pitx;
   \   00000004   0xF89D 0x4008      LDRB     R4,[SP, #+8]
    116            
    117            //@@@@
    118            ASSERT( pitx <= PIT3);                //@@PITx
   \   00000008   0x0020             MOVS     R0,R4
   \   0000000A   0xB2C0             UXTB     R0,R0            ;; ZeroExt  R0,R0,#+24,#+24
   \   0000000C   0x2804             CMP      R0,#+4
   \   0000000E   0xDB03             BLT.N    ??LPLD_PIT_EnableIrq_0
   \   00000010   0x2176             MOVS     R1,#+118
   \   00000012   0x....             LDR.N    R0,??DataTable9_4
   \   00000014   0x.... 0x....      BL       assert_failed
    119          
    120            enable_irq((IRQn_Type)(PIT0_IRQn + (IRQn_Type)pitx)); 
   \                     ??LPLD_PIT_EnableIrq_0: (+1)
   \   00000018   0x3444             ADDS     R4,R4,#+68
   \   0000001A   0x0020             MOVS     R0,R4
   \   0000001C   0xB240             SXTB     R0,R0            ;; SignExt  R0,R0,#+24,#+24
   \   0000001E   0x.... 0x....      BL       __NVIC_EnableIRQ
    121          }
   \   00000022   0xBC10             POP      {R4}
   \   00000024   0xF85D 0xFB14      LDR      PC,[SP], #+20    ;; return
    122          
    123          /*
    124           * LPLD_PIT_DisableIrq
    125           * @@PITx@@
    126           * 
    127           * @@:
    128           *    pit_init_structure--PIT@@@@@@@
    129           *                        @@@@@PIT_InitTypeDef
    130           *
    131           * @@:
    132           *    @
    133           *
    134           */

   \                                 In section .text, align 2, keep-with-next
    135          void LPLD_PIT_DisableIrq(PIT_InitTypeDef pit_init_structure)
    136          {
   \                     LPLD_PIT_DisableIrq: (+1)
   \   00000000   0xB40F             PUSH     {R0-R3}
   \   00000002   0xB510             PUSH     {R4,LR}
    137            PITx pitx = pit_init_structure.PIT_Pitx;
   \   00000004   0xF89D 0x4008      LDRB     R4,[SP, #+8]
    138            
    139            //@@@@
    140            ASSERT( pitx <= PIT3);                //@@PITx
   \   00000008   0x0020             MOVS     R0,R4
   \   0000000A   0xB2C0             UXTB     R0,R0            ;; ZeroExt  R0,R0,#+24,#+24
   \   0000000C   0x2804             CMP      R0,#+4
   \   0000000E   0xDB03             BLT.N    ??LPLD_PIT_DisableIrq_0
   \   00000010   0x218C             MOVS     R1,#+140
   \   00000012   0x....             LDR.N    R0,??DataTable9_4
   \   00000014   0x.... 0x....      BL       assert_failed
    141            
    142            disable_irq((IRQn_Type)(PIT0_IRQn + (IRQn_Type)pitx));
   \                     ??LPLD_PIT_DisableIrq_0: (+1)
   \   00000018   0x3444             ADDS     R4,R4,#+68
   \   0000001A   0x0020             MOVS     R0,R4
   \   0000001C   0xB240             SXTB     R0,R0            ;; SignExt  R0,R0,#+24,#+24
   \   0000001E   0x.... 0x....      BL       __NVIC_DisableIRQ
    143          }
   \   00000022   0xBC10             POP      {R4}
   \   00000024   0xF85D 0xFB14      LDR      PC,[SP], #+20    ;; return
    144          
    145          
    146          /*
    147           * PIT0--PIT3@@@@@@
    148           * @@@@@startup_K60.s@@@@@@@@@
    149           * @@@@@@@@@@@@@@@@@@@@@
    150           */
    151          

   \                                 In section .text, align 2, keep-with-next
    152          void PIT0_IRQHandler(void)
    153          {
   \                     PIT0_IRQHandler: (+1)
   \   00000000   0xB580             PUSH     {R7,LR}
    154          #if (UCOS_II > 0u)
    155            OS_CPU_SR  cpu_sr = 0u;
    156            OS_ENTER_CRITICAL(); //@@@@@@@@@@@@@@@@@@
    157            OSIntEnter();
    158            OS_EXIT_CRITICAL();
    159          #endif
    160            
    161            //@@@@@@@@@@@
    162            PIT_ISR[0]();  
   \   00000002   0x....             LDR.N    R0,??DataTable9_7
   \   00000004   0x6800             LDR      R0,[R0, #+0]
   \   00000006   0x4780             BLX      R0
    163            //@@@@@@@
    164            PIT->CHANNEL[0].TFLG |= PIT_TFLG_TIF_MASK;
   \   00000008   0x....             LDR.N    R0,??DataTable9_9  ;; 0x4003710c
   \   0000000A   0x6800             LDR      R0,[R0, #+0]
   \   0000000C   0xF050 0x0001      ORRS     R0,R0,#0x1
   \   00000010   0x....             LDR.N    R1,??DataTable9_9  ;; 0x4003710c
   \   00000012   0x6008             STR      R0,[R1, #+0]
    165            
    166          #if (UCOS_II > 0u)
    167            OSIntExit();          //@@@@@@@@@@@@@@@@@
    168          #endif
    169          }
   \   00000014   0xBD01             POP      {R0,PC}          ;; return

   \                                 In section .text, align 2, keep-with-next
    170          void PIT1_IRQHandler(void)
    171          {
   \                     PIT1_IRQHandler: (+1)
   \   00000000   0xB580             PUSH     {R7,LR}
    172          #if (UCOS_II > 0u)
    173            OS_CPU_SR  cpu_sr = 0u;
    174            OS_ENTER_CRITICAL(); //@@@@@@@@@@@@@@@@@@
    175            OSIntEnter();
    176            OS_EXIT_CRITICAL();
    177          #endif
    178            
    179            //@@@@@@@@@@@
    180            PIT_ISR[1]();  
   \   00000002   0x....             LDR.N    R0,??DataTable9_7
   \   00000004   0x6840             LDR      R0,[R0, #+4]
   \   00000006   0x4780             BLX      R0
    181            //@@@@@@@
    182            PIT->CHANNEL[1].TFLG |= PIT_TFLG_TIF_MASK;
   \   00000008   0x....             LDR.N    R0,??DataTable9_10  ;; 0x4003711c
   \   0000000A   0x6800             LDR      R0,[R0, #+0]
   \   0000000C   0xF050 0x0001      ORRS     R0,R0,#0x1
   \   00000010   0x....             LDR.N    R1,??DataTable9_10  ;; 0x4003711c
   \   00000012   0x6008             STR      R0,[R1, #+0]
    183            
    184          #if (UCOS_II > 0u)
    185            OSIntExit();          //@@@@@@@@@@@@@@@@@
    186          #endif
    187          }
   \   00000014   0xBD01             POP      {R0,PC}          ;; return

   \                                 In section .text, align 2, keep-with-next
    188          void PIT2_IRQHandler(void)
    189          {
   \                     PIT2_IRQHandler: (+1)
   \   00000000   0xB580             PUSH     {R7,LR}
    190          #if (UCOS_II > 0u)
    191            OS_CPU_SR  cpu_sr = 0u;
    192            OS_ENTER_CRITICAL(); //@@@@@@@@@@@@@@@@@@
    193            OSIntEnter();
    194            OS_EXIT_CRITICAL();
    195          #endif
    196            
    197            //@@@@@@@@@@@
    198            PIT_ISR[2]();  
   \   00000002   0x....             LDR.N    R0,??DataTable9_7
   \   00000004   0x6880             LDR      R0,[R0, #+8]
   \   00000006   0x4780             BLX      R0
    199            //@@@@@@@
    200            PIT->CHANNEL[2].TFLG |= PIT_TFLG_TIF_MASK;
   \   00000008   0x....             LDR.N    R0,??DataTable9_11  ;; 0x4003712c
   \   0000000A   0x6800             LDR      R0,[R0, #+0]
   \   0000000C   0xF050 0x0001      ORRS     R0,R0,#0x1
   \   00000010   0x....             LDR.N    R1,??DataTable9_11  ;; 0x4003712c
   \   00000012   0x6008             STR      R0,[R1, #+0]
    201            
    202          #if (UCOS_II > 0u)
    203            OSIntExit();          //@@@@@@@@@@@@@@@@@
    204          #endif
    205          }
   \   00000014   0xBD01             POP      {R0,PC}          ;; return

   \                                 In section .text, align 2, keep-with-next
    206          void PIT3_IRQHandler(void)
    207          {
   \                     PIT3_IRQHandler: (+1)
   \   00000000   0xB580             PUSH     {R7,LR}
    208          #if (UCOS_II > 0u)
    209            OS_CPU_SR  cpu_sr = 0u;
    210            OS_ENTER_CRITICAL(); //@@@@@@@@@@@@@@@@@@
    211            OSIntEnter();
    212            OS_EXIT_CRITICAL();
    213          #endif
    214            
    215            //@@@@@@@@@@@
    216            PIT_ISR[3]();  
   \   00000002   0x....             LDR.N    R0,??DataTable9_7
   \   00000004   0x68C0             LDR      R0,[R0, #+12]
   \   00000006   0x4780             BLX      R0
    217            //@@@@@@@
    218            PIT->CHANNEL[3].TFLG |= PIT_TFLG_TIF_MASK;
   \   00000008   0x....             LDR.N    R0,??DataTable9_12  ;; 0x4003713c
   \   0000000A   0x6800             LDR      R0,[R0, #+0]
   \   0000000C   0xF050 0x0001      ORRS     R0,R0,#0x1
   \   00000010   0x....             LDR.N    R1,??DataTable9_12  ;; 0x4003713c
   \   00000012   0x6008             STR      R0,[R1, #+0]
    219            
    220          #if (UCOS_II > 0u)
    221            OSIntExit();          //@@@@@@@@@@@@@@@@@
    222          #endif
    223          }
   \   00000014   0xBD01             POP      {R0,PC}          ;; return

   \                                 In section .text, align 4, keep-with-next
   \                     ??DataTable9:
   \   00000000   0xE000E100         DC32     0xe000e100

   \                                 In section .text, align 4, keep-with-next
   \                     ??DataTable9_1:
   \   00000000   0xE000E180         DC32     0xe000e180

   \                                 In section .text, align 4, keep-with-next
   \                     ??DataTable9_2:
   \   00000000   0x........         DC32     g_bus_clock

   \                                 In section .text, align 4, keep-with-next
   \                     ??DataTable9_3:
   \   00000000   0x000F4240         DC32     0xf4240

   \                                 In section .text, align 4, keep-with-next
   \                     ??DataTable9_4:
   \   00000000   0x........         DC32     ?_0

   \                                 In section .text, align 4, keep-with-next
   \                     ??DataTable9_5:
   \   00000000   0x4004803C         DC32     0x4004803c

   \                                 In section .text, align 4, keep-with-next
   \                     ??DataTable9_6:
   \   00000000   0x40037000         DC32     0x40037000

   \                                 In section .text, align 4, keep-with-next
   \                     ??DataTable9_7:
   \   00000000   0x........         DC32     PIT_ISR

   \                                 In section .text, align 4, keep-with-next
   \                     ??DataTable9_8:
   \   00000000   0x40037100         DC32     0x40037100

   \                                 In section .text, align 4, keep-with-next
   \                     ??DataTable9_9:
   \   00000000   0x4003710C         DC32     0x4003710c

   \                                 In section .text, align 4, keep-with-next
   \                     ??DataTable9_10:
   \   00000000   0x4003711C         DC32     0x4003711c

   \                                 In section .text, align 4, keep-with-next
   \                     ??DataTable9_11:
   \   00000000   0x4003712C         DC32     0x4003712c

   \                                 In section .text, align 4, keep-with-next
   \                     ??DataTable9_12:
   \   00000000   0x4003713C         DC32     0x4003713c

   \                                 In section .rodata, align 4
   \                     ?_0:
   \   00000000   0x44 0x3A          DC8 44H, 3AH, 5CH, 77H, 6FH, 72H, 6BH, 73H
   \              0x5C 0x77    
   \              0x6F 0x72    
   \              0x6B 0x73    
   \   00000008   0x70 0x61          DC8 70H, 61H, 63H, 65H, 5CH, 4CH, 50H, 4CH
   \              0x63 0x65    
   \              0x5C 0x4C    
   \              0x50 0x4C    
   \   00000010   0x44 0x5F          DC8 44H, 5FH, 4FH, 53H, 4BH, 69H, 6EH, 65H
   \              0x4F 0x53    
   \              0x4B 0x69    
   \              0x6E 0x65    
   \   00000018   0x74 0x69          DC8 74H, 69H, 73H, 5FH, 56H, 33H, 5CH, 6CH
   \              0x73 0x5F    
   \              0x56 0x33    
   \              0x5C 0x6C    
   \   00000020   0x69 0x62          DC8 69H, 62H, 5CH, 4CH, 50H, 4CH, 44H, 5CH
   \              0x5C 0x4C    
   \              0x50 0x4C    
   \              0x44 0x5C    
   \   00000028   0x48 0x57          DC8 48H, 57H, 5CH, 48H, 57H, 5FH, 50H, 49H
   \              0x5C 0x48    
   \              0x57 0x5F    
   \              0x50 0x49    
   \   00000030   0x54 0x2E          DC8 54H, 2EH, 63H, 0
   \              0x63 0x00    

   Maximum stack usage in bytes:

   .cstack Function
   ------- --------
      24   LPLD_PIT_Deinit
        24   -> __NVIC_DisableIRQ
        24   -> assert_failed
      24   LPLD_PIT_DisableIrq
        24   -> __NVIC_DisableIRQ
        24   -> assert_failed
      24   LPLD_PIT_EnableIrq
        24   -> __NVIC_EnableIRQ
        24   -> assert_failed
      32   LPLD_PIT_Init
        32   -> assert_failed
       8   PIT0_IRQHandler
         8   -- Indirect call
       8   PIT1_IRQHandler
         8   -- Indirect call
       8   PIT2_IRQHandler
         8   -- Indirect call
       8   PIT3_IRQHandler
         8   -- Indirect call
       0   __NVIC_DisableIRQ
       0   __NVIC_EnableIRQ


   Section sizes:

   Bytes  Function/Label
   -----  --------------
       4  ??DataTable9
       4  ??DataTable9_1
       4  ??DataTable9_10
       4  ??DataTable9_11
       4  ??DataTable9_12
       4  ??DataTable9_2
       4  ??DataTable9_3
       4  ??DataTable9_4
       4  ??DataTable9_5
       4  ??DataTable9_6
       4  ??DataTable9_7
       4  ??DataTable9_8
       4  ??DataTable9_9
      52  ?_0
      52  LPLD_PIT_Deinit
      40  LPLD_PIT_DisableIrq
      40  LPLD_PIT_EnableIrq
     188  LPLD_PIT_Init
      22  PIT0_IRQHandler
      22  PIT1_IRQHandler
      22  PIT2_IRQHandler
      22  PIT3_IRQHandler
      16  PIT_ISR
      28  __NVIC_DisableIRQ
      28  __NVIC_EnableIRQ

 
  16 bytes in section .bss
  52 bytes in section .rodata
 516 bytes in section .text
 
 516 bytes of CODE  memory
  52 bytes of CONST memory
  16 bytes of DATA  memory

Errors: none
Warnings: 1
