###############################################################################
#
# IAR ANSI C/C++ Compiler V8.20.2.14835/W32 for ARM       08/Mar/2018  21:10:47
# Copyright 1999-2017 IAR Systems AB.
#
#    Cpu mode     =  thumb
#    Endian       =  little
#    Source file  =  
#        D:\workspace\LPLD_OSKinetis_V3\project\Overload\app\Camera.c
#    Command line =  
#        -f C:\Users\JoyC\AppData\Local\Temp\EW2A79.tmp
#        (D:\workspace\LPLD_OSKinetis_V3\project\Overload\app\Camera.c -D
#        LPLD_K60 -D USE_K60DZ10 -lCN
#        D:\workspace\LPLD_OSKinetis_V3\project\Overload\iar\RAM\List -lB
#        D:\workspace\LPLD_OSKinetis_V3\project\Overload\iar\RAM\List -o
#        D:\workspace\LPLD_OSKinetis_V3\project\Overload\iar\RAM\Obj --no_cse
#        --no_unroll --no_inline --no_code_motion --no_tbaa --no_clustering
#        --no_scheduling --debug --endian=little --cpu=Cortex-M4 -e --fpu=None
#        --dlib_config "D:\Program Files\IAR Systems\Embedded Workbench
#        8.0\arm\INC\c\DLib_Config_Normal.h" -I
#        D:\workspace\LPLD_OSKinetis_V3\project\Overload\iar\..\app\ -I
#        D:\workspace\LPLD_OSKinetis_V3\project\Overload\iar\..\..\..\lib\CPU\
#        -I
#        D:\workspace\LPLD_OSKinetis_V3\project\Overload\iar\..\..\..\lib\common\
#        -I
#        D:\workspace\LPLD_OSKinetis_V3\project\Overload\iar\..\..\..\lib\LPLD\
#        -I
#        D:\workspace\LPLD_OSKinetis_V3\project\Overload\iar\..\..\..\lib\LPLD\HW\
#        -I
#        D:\workspace\LPLD_OSKinetis_V3\project\Overload\iar\..\..\..\lib\LPLD\DEV\
#        -I
#        D:\workspace\LPLD_OSKinetis_V3\project\Overload\iar\..\..\..\lib\LPLD\FUNC\
#        -I
#        D:\workspace\LPLD_OSKinetis_V3\project\Overload\iar\..\..\..\lib\uCOS-II\Ports\
#        -I
#        D:\workspace\LPLD_OSKinetis_V3\project\Overload\iar\..\..\..\lib\uCOS-II\Source\
#        -I
#        D:\workspace\LPLD_OSKinetis_V3\project\Overload\iar\..\..\..\lib\FatFs\
#        -I
#        D:\workspace\LPLD_OSKinetis_V3\project\Overload\iar\..\..\..\lib\FatFs\option\
#        -I
#        D:\workspace\LPLD_OSKinetis_V3\project\Overload\iar\..\..\..\lib\USB\common\
#        -I
#        D:\workspace\LPLD_OSKinetis_V3\project\Overload\iar\..\..\..\lib\USB\driver\
#        -I
#        D:\workspace\LPLD_OSKinetis_V3\project\Overload\iar\..\..\..\lib\USB\descriptor\
#        -I
#        D:\workspace\LPLD_OSKinetis_V3\project\Overload\iar\..\..\..\lib\USB\class\
#        -Ol -I "D:\Program Files\IAR Systems\Embedded Workbench
#        8.0\arm\CMSIS\Include\" -D ARM_MATH_CM4)
#    Locale       =  C
#    List file    =  
#        D:\workspace\LPLD_OSKinetis_V3\project\Overload\iar\RAM\List\Camera.lst
#    Object file  =  
#        D:\workspace\LPLD_OSKinetis_V3\project\Overload\iar\RAM\Obj\Camera.o
#
###############################################################################

D:\workspace\LPLD_OSKinetis_V3\project\Overload\app\Camera.c
      1          #include "include.h"

   \                                 In section .text, align 2, keep-with-next
   \   static __interwork __softfp void __NVIC_EnableIRQ(IRQn_Type)
   \                     __NVIC_EnableIRQ: (+1)
   \   00000000   0x0001             MOVS     R1,R0
   \   00000002   0xB249             SXTB     R1,R1            ;; SignExt  R1,R1,#+24,#+24
   \   00000004   0x2900             CMP      R1,#+0
   \   00000006   0xD408             BMI.N    ??__NVIC_EnableIRQ_0
   \   00000008   0x2201             MOVS     R2,#+1
   \   0000000A   0xF010 0x011F      ANDS     R1,R0,#0x1F
   \   0000000E   0x408A             LSLS     R2,R2,R1
   \   00000010   0x....             LDR.N    R1,??DataTable5  ;; 0xe000e100
   \   00000012   0xB240             SXTB     R0,R0            ;; SignExt  R0,R0,#+24,#+24
   \   00000014   0x0940             LSRS     R0,R0,#+5
   \   00000016   0xF841 0x2020      STR      R2,[R1, R0, LSL #+2]
   \                     ??__NVIC_EnableIRQ_0: (+1)
   \   0000001A   0x4770             BX       LR               ;; return

   \                                 In section .bss, align 4
      2          GPIO_InitTypeDef Data_init_struct; // @@@@@@@@@@
   \                     Data_init_struct:
   \   00000000                      DS8 20

   \                                 In section .bss, align 4
      3          GPIO_InitTypeDef PCLK_init_struct; // PCLK@@@@@@@@
   \                     PCLK_init_struct:
   \   00000000                      DS8 20

   \                                 In section .bss, align 4
      4          GPIO_InitTypeDef HRF_init_struct;  // HRF@@@@@@@@
   \                     HRF_init_struct:
   \   00000000                      DS8 20

   \                                 In section .bss, align 4
      5          GPIO_InitTypeDef VSY_init_struct;  // VSY@@@@@@@@
   \                     VSY_init_struct:
   \   00000000                      DS8 20

   \                                 In section .bss, align 4
      6          DMA_InitTypeDef  DMA_init_struct;  // DMA@@@@@@
   \                     DMA_init_struct:
   \   00000000                      DS8 44

   \                                 In section .bss, align 4
      7          UART_InitTypeDef  uart_init_struct;
   \                     uart_init_struct:
   \   00000000                      DS8 28
      8          

   \                                 In section .bss, align 4
      9          uint8 Src_Img_Data[V][H]={0};  // @@@@@@@
   \                     Src_Img_Data:
   \   00000000                      DS8 60000

   \                                 In section .bss, align 4
     10          uint8 Bin_Img_Data[V][H]={0};  // @@@@@@@@@
   \                     Bin_Img_Data:
   \   00000000                      DS8 60000
     11          

   \                                 In section .bss, align 1
     12          uint8 Has_Img=0;  // @@@@@
   \                     Has_Img:
   \   00000000                      DS8 1

   \                                 In section .bss, align 1
     13          uint8 Row_Count = 0;  // @@@
   \                     Row_Count:
   \   00000000                      DS8 1

   \                                 In section .bss, align 1
     14          uint8 Field_Count = 0;  // @@@
   \                     Field_Count:
   \   00000000                      DS8 1
     15          
     16          
     17          // @@@@@@@@@

   \                                 In section .text, align 2, keep-with-next
     18          void Camera_Handler(void) 
     19          {
   \                     Camera_Handler: (+1)
   \   00000000   0xB580             PUSH     {R7,LR}
     20            EnableInterrupts; //@@@@@@@@@@@
   \   00000002   0xB662             CPSIE    I
     21           
     22            // @@@
     23            if(LPLD_GPIO_IsPinxExt(PORTC,GPIO_Pin6))
   \   00000004   0x....             LDR.N    R0,??DataTable5_1  ;; 0x4004b0a0
   \   00000006   0x6800             LDR      R0,[R0, #+0]
   \   00000008   0x0640             LSLS     R0,R0,#+25
   \   0000000A   0xD516             BPL.N    ??Camera_Handler_0
     24            {
     25              Row_Count++;
   \   0000000C   0x....             LDR.N    R0,??DataTable5_2
   \   0000000E   0x7800             LDRB     R0,[R0, #+0]
   \   00000010   0x1C40             ADDS     R0,R0,#+1
   \   00000012   0x....             LDR.N    R1,??DataTable5_2
   \   00000014   0x7008             STRB     R0,[R1, #+0]
     26              if(Row_Count <= V) // @@@@@@@@DMA@@
   \   00000016   0x....             LDR.N    R0,??DataTable5_2
   \   00000018   0x7800             LDRB     R0,[R0, #+0]
   \   0000001A   0x28C9             CMP      R0,#+201
   \   0000001C   0xDA06             BGE.N    ??Camera_Handler_1
     27              {
     28                LPLD_DMA_EnableReq(DMA_CH0);
   \   0000001E   0x....             LDR.N    R0,??DataTable5_3  ;; 0x4000800c
   \   00000020   0x6800             LDR      R0,[R0, #+0]
   \   00000022   0xF050 0x0001      ORRS     R0,R0,#0x1
   \   00000026   0x....             LDR.N    R1,??DataTable5_3  ;; 0x4000800c
   \   00000028   0x6008             STR      R0,[R1, #+0]
   \   0000002A   0xE006             B.N      ??Camera_Handler_0
     29              }
     30              else // @@@@@@@@@@
     31              {  
     32                Field_Count--;
   \                     ??Camera_Handler_1: (+1)
   \   0000002C   0x....             LDR.N    R0,??DataTable5_4
   \   0000002E   0x7800             LDRB     R0,[R0, #+0]
   \   00000030   0x1E40             SUBS     R0,R0,#+1
   \   00000032   0x....             LDR.N    R1,??DataTable5_4
   \   00000034   0x7008             STRB     R0,[R1, #+0]
     33                Send_Img();
   \   00000036   0x.... 0x....      BL       Send_Img
     34              }   
     35            }
     36            
     37          
     38            // @@@
     39            if(LPLD_GPIO_IsPinxExt(PORTC,GPIO_Pin7))
   \                     ??Camera_Handler_0: (+1)
   \   0000003A   0x....             LDR.N    R0,??DataTable5_1  ;; 0x4004b0a0
   \   0000003C   0x6800             LDR      R0,[R0, #+0]
   \   0000003E   0x0600             LSLS     R0,R0,#+24
   \   00000040   0xD50E             BPL.N    ??Camera_Handler_2
     40            {
     41              if(Field_Count==0)
   \   00000042   0x....             LDR.N    R0,??DataTable5_4
   \   00000044   0x7800             LDRB     R0,[R0, #+0]
   \   00000046   0x2800             CMP      R0,#+0
   \   00000048   0xD10A             BNE.N    ??Camera_Handler_2
     42              {
     43                Field_Count++;
   \   0000004A   0x....             LDR.N    R0,??DataTable5_4
   \   0000004C   0x7800             LDRB     R0,[R0, #+0]
   \   0000004E   0x1C40             ADDS     R0,R0,#+1
   \   00000050   0x....             LDR.N    R1,??DataTable5_4
   \   00000052   0x7008             STRB     R0,[R1, #+0]
     44                Row_Count=0;
   \   00000054   0x2000             MOVS     R0,#+0
   \   00000056   0x....             LDR.N    R1,??DataTable5_2
   \   00000058   0x7008             STRB     R0,[R1, #+0]
     45                LPLD_DMA_LoadDstAddr(DMA_CH0,Src_Img_Data);
   \   0000005A   0x....             LDR.N    R0,??DataTable5_5
   \   0000005C   0x....             LDR.N    R1,??DataTable5_6  ;; 0x40009010
   \   0000005E   0x6008             STR      R0,[R1, #+0]
     46              }
     47            }
     48            EnableInterrupts; //@@@@
   \                     ??Camera_Handler_2: (+1)
   \   00000060   0xB662             CPSIE    I
     49          }
   \   00000062   0xBD01             POP      {R0,PC}          ;; return
     50          
     51          

   \                                 In section .text, align 2, keep-with-next
     52          void Camera_GPIO_Init(void)
     53          {
   \                     Camera_GPIO_Init: (+1)
   \   00000000   0xB580             PUSH     {R7,LR}
     54            //@@@@@@@(PTD0~PTD7)
     55            Data_init_struct.GPIO_PTx=PTD;
   \   00000002   0x....             LDR.N    R0,??DataTable5_7  ;; 0x400ff0c0
   \   00000004   0x....             LDR.N    R1,??DataTable5_8
   \   00000006   0x6008             STR      R0,[R1, #+0]
     56            Data_init_struct.GPIO_Pins=GPIO_Pin0_7;
   \   00000008   0x20FF             MOVS     R0,#+255
   \   0000000A   0x....             LDR.N    R1,??DataTable5_8
   \   0000000C   0x6048             STR      R0,[R1, #+4]
     57            Data_init_struct.GPIO_Dir=DIR_INPUT;
   \   0000000E   0x2000             MOVS     R0,#+0
   \   00000010   0x....             LDR.N    R1,??DataTable5_8
   \   00000012   0x7308             STRB     R0,[R1, #+12]
     58            Data_init_struct.GPIO_PinControl=INPUT_PULL_UP;
   \   00000014   0x2003             MOVS     R0,#+3
   \   00000016   0x....             LDR.N    R1,??DataTable5_8
   \   00000018   0x6088             STR      R0,[R1, #+8]
     59            LPLD_GPIO_Init(Data_init_struct);
   \   0000001A   0x....             LDR.N    R1,??DataTable5_8
   \   0000001C   0xB084             SUB      SP,SP,#+16
   \   0000001E   0x4668             MOV      R0,SP
   \   00000020   0x2214             MOVS     R2,#+20
   \   00000022   0x.... 0x....      BL       __aeabi_memcpy4
   \   00000026   0xBC0F             POP      {R0-R3}
   \   00000028   0x.... 0x....      BL       LPLD_GPIO_Init
     60             
     61            //PCLK@@@(PTA19)
     62            PCLK_init_struct.GPIO_PTx=PTA;
   \   0000002C   0x....             LDR.N    R0,??DataTable5_9  ;; 0x400ff000
   \   0000002E   0x....             LDR.N    R1,??DataTable5_10
   \   00000030   0x6008             STR      R0,[R1, #+0]
     63            PCLK_init_struct.GPIO_Pins=GPIO_Pin19;
   \   00000032   0xF45F 0x2000      MOVS     R0,#+524288
   \   00000036   0x....             LDR.N    R1,??DataTable5_10
   \   00000038   0x6048             STR      R0,[R1, #+4]
     64            PCLK_init_struct.GPIO_Dir=DIR_INPUT;
   \   0000003A   0x2000             MOVS     R0,#+0
   \   0000003C   0x....             LDR.N    R1,??DataTable5_10
   \   0000003E   0x7308             STRB     R0,[R1, #+12]
     65            PCLK_init_struct.GPIO_PinControl=IRQC_DMARI;
   \   00000040   0xF45F 0x3080      MOVS     R0,#+65536
   \   00000044   0x....             LDR.N    R1,??DataTable5_10
   \   00000046   0x6088             STR      R0,[R1, #+8]
     66            LPLD_GPIO_Init(PCLK_init_struct);
   \   00000048   0x....             LDR.N    R1,??DataTable5_10
   \   0000004A   0xB084             SUB      SP,SP,#+16
   \   0000004C   0x4668             MOV      R0,SP
   \   0000004E   0x2214             MOVS     R2,#+20
   \   00000050   0x.... 0x....      BL       __aeabi_memcpy4
   \   00000054   0xBC0F             POP      {R0-R3}
   \   00000056   0x.... 0x....      BL       LPLD_GPIO_Init
     67            
     68            //@@@@@@(PTC6)
     69            HRF_init_struct.GPIO_PTx = PTC;
   \   0000005A   0x....             LDR.N    R0,??DataTable5_11  ;; 0x400ff080
   \   0000005C   0x....             LDR.N    R1,??DataTable5_12
   \   0000005E   0x6008             STR      R0,[R1, #+0]
     70            HRF_init_struct.GPIO_Pins = GPIO_Pin6;
   \   00000060   0x2040             MOVS     R0,#+64
   \   00000062   0x....             LDR.N    R1,??DataTable5_12
   \   00000064   0x6048             STR      R0,[R1, #+4]
     71            HRF_init_struct.GPIO_PinControl = IRQC_RI;
   \   00000066   0xF45F 0x2010      MOVS     R0,#+589824
   \   0000006A   0x....             LDR.N    R1,??DataTable5_12
   \   0000006C   0x6088             STR      R0,[R1, #+8]
     72            HRF_init_struct.GPIO_Dir = DIR_INPUT;
   \   0000006E   0x2000             MOVS     R0,#+0
   \   00000070   0x....             LDR.N    R1,??DataTable5_12
   \   00000072   0x7308             STRB     R0,[R1, #+12]
     73            HRF_init_struct.GPIO_Isr=Camera_Handler;
   \   00000074   0x....             LDR.N    R0,??DataTable5_13
   \   00000076   0x....             LDR.N    R1,??DataTable5_12
   \   00000078   0x6108             STR      R0,[R1, #+16]
     74            LPLD_GPIO_Init(HRF_init_struct);
   \   0000007A   0x....             LDR.N    R1,??DataTable5_12
   \   0000007C   0xB084             SUB      SP,SP,#+16
   \   0000007E   0x4668             MOV      R0,SP
   \   00000080   0x2214             MOVS     R2,#+20
   \   00000082   0x.... 0x....      BL       __aeabi_memcpy4
   \   00000086   0xBC0F             POP      {R0-R3}
   \   00000088   0x.... 0x....      BL       LPLD_GPIO_Init
     75            
     76            //@@@@@@(PTC7)
     77            VSY_init_struct.GPIO_PTx = PTC;
   \   0000008C   0x....             LDR.N    R0,??DataTable5_11  ;; 0x400ff080
   \   0000008E   0x....             LDR.N    R1,??DataTable5_14
   \   00000090   0x6008             STR      R0,[R1, #+0]
     78            VSY_init_struct.GPIO_Pins = GPIO_Pin7;
   \   00000092   0x2080             MOVS     R0,#+128
   \   00000094   0x....             LDR.N    R1,??DataTable5_14
   \   00000096   0x6048             STR      R0,[R1, #+4]
     79            VSY_init_struct.GPIO_PinControl = IRQC_FA;
   \   00000098   0xF45F 0x2020      MOVS     R0,#+655360
   \   0000009C   0x....             LDR.N    R1,??DataTable5_14
   \   0000009E   0x6088             STR      R0,[R1, #+8]
     80            VSY_init_struct.GPIO_Dir= DIR_INPUT;
   \   000000A0   0x2000             MOVS     R0,#+0
   \   000000A2   0x....             LDR.N    R1,??DataTable5_14
   \   000000A4   0x7308             STRB     R0,[R1, #+12]
     81            VSY_init_struct.GPIO_Isr=Camera_Handler;
   \   000000A6   0x....             LDR.N    R0,??DataTable5_13
   \   000000A8   0x....             LDR.N    R1,??DataTable5_14
   \   000000AA   0x6108             STR      R0,[R1, #+16]
     82            LPLD_GPIO_Init(VSY_init_struct);
   \   000000AC   0x....             LDR.N    R1,??DataTable5_14
   \   000000AE   0xB084             SUB      SP,SP,#+16
   \   000000B0   0x4668             MOV      R0,SP
   \   000000B2   0x2214             MOVS     R2,#+20
   \   000000B4   0x.... 0x....      BL       __aeabi_memcpy4
   \   000000B8   0xBC0F             POP      {R0-R3}
   \   000000BA   0x.... 0x....      BL       LPLD_GPIO_Init
     83          }
   \   000000BE   0xBD01             POP      {R0,PC}          ;; return
     84          
     85          
     86          
     87          
     88          

   \                                 In section .text, align 2, keep-with-next
     89          void Camera_DMA_Init(void)
     90          {
   \                     Camera_DMA_Init: (+1)
   \   00000000   0xB500             PUSH     {LR}
   \   00000002   0xB087             SUB      SP,SP,#+28
     91            DMA_init_struct.DMA_CHx=DMA_CH0;
   \   00000004   0x2000             MOVS     R0,#+0
   \   00000006   0x....             LDR.N    R1,??DataTable5_15
   \   00000008   0x7008             STRB     R0,[R1, #+0]
     92            DMA_init_struct.DMA_Req=PORTA_DMAREQ;
   \   0000000A   0x2031             MOVS     R0,#+49
   \   0000000C   0x....             LDR.N    R1,??DataTable5_15
   \   0000000E   0x7048             STRB     R0,[R1, #+1]
     93            DMA_init_struct.DMA_MajorLoopCnt=H;
   \   00000010   0xF44F 0x7096      MOV      R0,#+300
   \   00000014   0x....             LDR.N    R1,??DataTable5_15
   \   00000016   0x8088             STRH     R0,[R1, #+4]
     94            DMA_init_struct.DMA_MinorByteCnt=1;
   \   00000018   0x2001             MOVS     R0,#+1
   \   0000001A   0x....             LDR.N    R1,??DataTable5_15
   \   0000001C   0x6088             STR      R0,[R1, #+8]
     95            
     96            DMA_init_struct.DMA_SourceAddr=(uint32)&PTD->PDIR;
   \   0000001E   0x....             LDR.N    R0,??DataTable5_16  ;; 0x400ff0d0
   \   00000020   0x....             LDR.N    R1,??DataTable5_15
   \   00000022   0x60C8             STR      R0,[R1, #+12]
     97            DMA_init_struct.DMA_DestAddr=(uint32)Src_Img_Data;
   \   00000024   0x....             LDR.N    R0,??DataTable5_5
   \   00000026   0x....             LDR.N    R1,??DataTable5_15
   \   00000028   0x6188             STR      R0,[R1, #+24]
     98            
     99            DMA_init_struct.DMA_DestAddrOffset=1;
   \   0000002A   0x2001             MOVS     R0,#+1
   \   0000002C   0x....             LDR.N    R1,??DataTable5_15
   \   0000002E   0x83C8             STRH     R0,[R1, #+30]
    100            DMA_init_struct.DMA_AutoDisableReq=TRUE;
   \   00000030   0x2001             MOVS     R0,#+1
   \   00000032   0x....             LDR.N    R1,??DataTable5_15
   \   00000034   0xF881 0x0024      STRB     R0,[R1, #+36]
    101            LPLD_DMA_Init(DMA_init_struct);
   \   00000038   0x....             LDR.N    R1,??DataTable5_15
   \   0000003A   0xB084             SUB      SP,SP,#+16
   \   0000003C   0x4668             MOV      R0,SP
   \   0000003E   0x222C             MOVS     R2,#+44
   \   00000040   0x.... 0x....      BL       __aeabi_memcpy4
   \   00000044   0xBC0F             POP      {R0-R3}
   \   00000046   0x.... 0x....      BL       LPLD_DMA_Init
    102          }
   \   0000004A   0xB007             ADD      SP,SP,#+28
   \   0000004C   0xBD00             POP      {PC}             ;; return
    103          

   \                                 In section .text, align 2, keep-with-next
    104          void Camera_Init(void)
    105          {
   \                     Camera_Init: (+1)
   \   00000000   0xB580             PUSH     {R7,LR}
    106           Camera_GPIO_Init();
   \   00000002   0x.... 0x....      BL       Camera_GPIO_Init
    107           Camera_DMA_Init();
   \   00000006   0x.... 0x....      BL       Camera_DMA_Init
    108           enable_irq(PORTC_IRQn);
   \   0000000A   0x2059             MOVS     R0,#+89
   \   0000000C   0x.... 0x....      BL       __NVIC_EnableIRQ
    109          }
   \   00000010   0xBD01             POP      {R0,PC}          ;; return
    110          
    111          

   \                                 In section .text, align 2, keep-with-next
    112          void Blue_Init(void)
    113          {
   \                     Blue_Init: (+1)
   \   00000000   0xB5E0             PUSH     {R5-R7,LR}
    114            uart_init_struct.UART_Uartx=UART4;
   \   00000002   0x....             LDR.N    R0,??DataTable5_17  ;; 0x400ea000
   \   00000004   0x....             LDR.N    R1,??DataTable5_18
   \   00000006   0x6008             STR      R0,[R1, #+0]
    115            uart_init_struct.UART_BaudRate=115200;
   \   00000008   0xF45F 0x30E1      MOVS     R0,#+115200
   \   0000000C   0x....             LDR.N    R1,??DataTable5_18
   \   0000000E   0x6048             STR      R0,[R1, #+4]
    116            uart_init_struct.UART_TxPin=PTE24;
   \   00000010   0x2094             MOVS     R0,#+148
   \   00000012   0x....             LDR.N    R1,??DataTable5_18
   \   00000014   0x7208             STRB     R0,[R1, #+8]
    117            uart_init_struct.UART_RxPin=PTE25;
   \   00000016   0x2095             MOVS     R0,#+149
   \   00000018   0x....             LDR.N    R1,??DataTable5_18
   \   0000001A   0x7248             STRB     R0,[R1, #+9]
    118            LPLD_UART_Init(uart_init_struct);
   \   0000001C   0x....             LDR.N    R1,??DataTable5_18
   \   0000001E   0xB084             SUB      SP,SP,#+16
   \   00000020   0x4668             MOV      R0,SP
   \   00000022   0x221C             MOVS     R2,#+28
   \   00000024   0x.... 0x....      BL       __aeabi_memcpy4
   \   00000028   0xBC0F             POP      {R0-R3}
   \   0000002A   0x.... 0x....      BL       LPLD_UART_Init
    119          }
   \   0000002E   0xBD07             POP      {R0-R2,PC}       ;; return
    120          

   \                                 In section .text, align 2, keep-with-next
    121          void Send_Img(void)
    122          {
   \                     Send_Img: (+1)
   \   00000000   0xB538             PUSH     {R3-R5,LR}
    123            LPLD_UART_PutChar(UART4,0xff);//@@@@@@
   \   00000002   0xF05F 0x31FF      MOVS     R1,#-1
   \   00000006   0x....             LDR.N    R0,??DataTable5_17  ;; 0x400ea000
   \   00000008   0x.... 0x....      BL       LPLD_UART_PutChar
    124            uint16 i,j;
    125            for(i=0;i<V;i++) 
   \   0000000C   0x2400             MOVS     R4,#+0
   \   0000000E   0xE02F             B.N      ??Send_Img_0
    126            {
    127              for(j=0;j<H;j++)
    128              {
    129                if(Src_Img_Data[i][j]==0xff)
   \                     ??Send_Img_1: (+1)
   \   00000010   0x....             LDR.N    R1,??DataTable5_5
   \   00000012   0x0022             MOVS     R2,R4
   \   00000014   0xB292             UXTH     R2,R2            ;; ZeroExt  R2,R2,#+16,#+16
   \   00000016   0xF44F 0x7096      MOV      R0,#+300
   \   0000001A   0x4342             MULS     R2,R0,R2
   \   0000001C   0xEB01 0x0002      ADD      R0,R1,R2
   \   00000020   0x0029             MOVS     R1,R5
   \   00000022   0xB289             UXTH     R1,R1            ;; ZeroExt  R1,R1,#+16,#+16
   \   00000024   0x5C40             LDRB     R0,[R0, R1]
   \   00000026   0x28FF             CMP      R0,#+255
   \   00000028   0xD10B             BNE.N    ??Send_Img_2
    130                {
    131                  Src_Img_Data[i][j]=0xfe;
   \   0000002A   0x....             LDR.N    R1,??DataTable5_5
   \   0000002C   0x0022             MOVS     R2,R4
   \   0000002E   0xB292             UXTH     R2,R2            ;; ZeroExt  R2,R2,#+16,#+16
   \   00000030   0xF44F 0x7096      MOV      R0,#+300
   \   00000034   0x4342             MULS     R2,R0,R2
   \   00000036   0xEB01 0x0002      ADD      R0,R1,R2
   \   0000003A   0x0029             MOVS     R1,R5
   \   0000003C   0xB289             UXTH     R1,R1            ;; ZeroExt  R1,R1,#+16,#+16
   \   0000003E   0x22FE             MOVS     R2,#+254
   \   00000040   0x5442             STRB     R2,[R0, R1]
    132                }
    133                LPLD_UART_PutChar(UART4,Src_Img_Data[i][j]);
   \                     ??Send_Img_2: (+1)
   \   00000042   0x....             LDR.N    R1,??DataTable5_5
   \   00000044   0x0022             MOVS     R2,R4
   \   00000046   0xB292             UXTH     R2,R2            ;; ZeroExt  R2,R2,#+16,#+16
   \   00000048   0xF44F 0x7096      MOV      R0,#+300
   \   0000004C   0x4342             MULS     R2,R0,R2
   \   0000004E   0xEB01 0x0002      ADD      R0,R1,R2
   \   00000052   0x0029             MOVS     R1,R5
   \   00000054   0xB289             UXTH     R1,R1            ;; ZeroExt  R1,R1,#+16,#+16
   \   00000056   0x5640             LDRSB    R0,[R0, R1]
   \   00000058   0x0001             MOVS     R1,R0
   \   0000005A   0xB249             SXTB     R1,R1            ;; SignExt  R1,R1,#+24,#+24
   \   0000005C   0x....             LDR.N    R0,??DataTable5_17  ;; 0x400ea000
   \   0000005E   0x.... 0x....      BL       LPLD_UART_PutChar
    134              }
   \   00000062   0x1C6D             ADDS     R5,R5,#+1
   \                     ??Send_Img_3: (+1)
   \   00000064   0x0028             MOVS     R0,R5
   \   00000066   0xB280             UXTH     R0,R0            ;; ZeroExt  R0,R0,#+16,#+16
   \   00000068   0xF5B0 0x7F96      CMP      R0,#+300
   \   0000006C   0xDBD0             BLT.N    ??Send_Img_1
   \   0000006E   0x1C64             ADDS     R4,R4,#+1
   \                     ??Send_Img_0: (+1)
   \   00000070   0x0020             MOVS     R0,R4
   \   00000072   0xB280             UXTH     R0,R0            ;; ZeroExt  R0,R0,#+16,#+16
   \   00000074   0x28C8             CMP      R0,#+200
   \   00000076   0xDA01             BGE.N    ??Send_Img_4
   \   00000078   0x2500             MOVS     R5,#+0
   \   0000007A   0xE7F3             B.N      ??Send_Img_3
    135            } 
    136          }
   \                     ??Send_Img_4: (+1)
   \   0000007C   0xBD31             POP      {R0,R4,R5,PC}    ;; return

   \                                 In section .text, align 4, keep-with-next
   \                     ??DataTable5:
   \   00000000   0xE000E100         DC32     0xe000e100

   \                                 In section .text, align 4, keep-with-next
   \                     ??DataTable5_1:
   \   00000000   0x4004B0A0         DC32     0x4004b0a0

   \                                 In section .text, align 4, keep-with-next
   \                     ??DataTable5_2:
   \   00000000   0x........         DC32     Row_Count

   \                                 In section .text, align 4, keep-with-next
   \                     ??DataTable5_3:
   \   00000000   0x4000800C         DC32     0x4000800c

   \                                 In section .text, align 4, keep-with-next
   \                     ??DataTable5_4:
   \   00000000   0x........         DC32     Field_Count

   \                                 In section .text, align 4, keep-with-next
   \                     ??DataTable5_5:
   \   00000000   0x........         DC32     Src_Img_Data

   \                                 In section .text, align 4, keep-with-next
   \                     ??DataTable5_6:
   \   00000000   0x40009010         DC32     0x40009010

   \                                 In section .text, align 4, keep-with-next
   \                     ??DataTable5_7:
   \   00000000   0x400FF0C0         DC32     0x400ff0c0

   \                                 In section .text, align 4, keep-with-next
   \                     ??DataTable5_8:
   \   00000000   0x........         DC32     Data_init_struct

   \                                 In section .text, align 4, keep-with-next
   \                     ??DataTable5_9:
   \   00000000   0x400FF000         DC32     0x400ff000

   \                                 In section .text, align 4, keep-with-next
   \                     ??DataTable5_10:
   \   00000000   0x........         DC32     PCLK_init_struct

   \                                 In section .text, align 4, keep-with-next
   \                     ??DataTable5_11:
   \   00000000   0x400FF080         DC32     0x400ff080

   \                                 In section .text, align 4, keep-with-next
   \                     ??DataTable5_12:
   \   00000000   0x........         DC32     HRF_init_struct

   \                                 In section .text, align 4, keep-with-next
   \                     ??DataTable5_13:
   \   00000000   0x........         DC32     Camera_Handler

   \                                 In section .text, align 4, keep-with-next
   \                     ??DataTable5_14:
   \   00000000   0x........         DC32     VSY_init_struct

   \                                 In section .text, align 4, keep-with-next
   \                     ??DataTable5_15:
   \   00000000   0x........         DC32     DMA_init_struct

   \                                 In section .text, align 4, keep-with-next
   \                     ??DataTable5_16:
   \   00000000   0x400FF0D0         DC32     0x400ff0d0

   \                                 In section .text, align 4, keep-with-next
   \                     ??DataTable5_17:
   \   00000000   0x400EA000         DC32     0x400ea000

   \                                 In section .text, align 4, keep-with-next
   \                     ??DataTable5_18:
   \   00000000   0x........         DC32     uart_init_struct

   Maximum stack usage in bytes:

   .cstack Function
   ------- --------
      32   Blue_Init
        16   -> LPLD_UART_Init
        32   -> __aeabi_memcpy4
      48   Camera_DMA_Init
        32   -> LPLD_DMA_Init
        48   -> __aeabi_memcpy4
      24   Camera_GPIO_Init
         8   -> LPLD_GPIO_Init
        24   -> __aeabi_memcpy4
       8   Camera_Handler
         8   -> Send_Img
       8   Camera_Init
         8   -> Camera_DMA_Init
         8   -> Camera_GPIO_Init
         8   -> __NVIC_EnableIRQ
      16   Send_Img
        16   -> LPLD_UART_PutChar
       0   __NVIC_EnableIRQ


   Section sizes:

   Bytes  Function/Label
   -----  --------------
       4  ??DataTable5
       4  ??DataTable5_1
       4  ??DataTable5_10
       4  ??DataTable5_11
       4  ??DataTable5_12
       4  ??DataTable5_13
       4  ??DataTable5_14
       4  ??DataTable5_15
       4  ??DataTable5_16
       4  ??DataTable5_17
       4  ??DataTable5_18
       4  ??DataTable5_2
       4  ??DataTable5_3
       4  ??DataTable5_4
       4  ??DataTable5_5
       4  ??DataTable5_6
       4  ??DataTable5_7
       4  ??DataTable5_8
       4  ??DataTable5_9
   60000  Bin_Img_Data
      48  Blue_Init
      78  Camera_DMA_Init
     192  Camera_GPIO_Init
     100  Camera_Handler
      18  Camera_Init
      44  DMA_init_struct
      20  Data_init_struct
       1  Field_Count
      20  HRF_init_struct
       1  Has_Img
      20  PCLK_init_struct
       1  Row_Count
     126  Send_Img
   60000  Src_Img_Data
      20  VSY_init_struct
      28  __NVIC_EnableIRQ
      28  uart_init_struct

 
 120 155 bytes in section .bss
     666 bytes in section .text
 
     666 bytes of CODE memory
 120 155 bytes of DATA memory

Errors: none
Warnings: 1
